16:59:00.502  INFO  manager.ApplicationManager - All tests start in Chrome browser
16:59:01.471  INFO  manager.ApplicationManager - Current URL --> https://telranedu.web.app/home
16:59:01.491  INFO  tests.TestBase - The name of starts method is --->loginSuccess
16:59:01.493  INFO  manager.ListenerWD - Before find elements -->By.xpath: //button[text()='Sign Out']
16:59:06.503  INFO  manager.ListenerWD - After find elements -->By.xpath: //button[text()='Sign Out']
16:59:06.504  INFO  manager.ListenerWD - List size is -->0
16:59:06.506  INFO  tests.TestBase - Login with valid data : email :noa@gmail.com password : Nnoa12345$
16:59:06.507  INFO  manager.ListenerWD - Before find element -->By.cssSelector: a[href='/l..ogin']
16:59:11.541  INFO  manager.ListenerWD - The have a 'problem'
16:59:11.542  INFO  manager.ListenerWD - ******************
16:59:11.542  INFO  manager.ListenerWD - Method method ---> findElement
16:59:11.542  INFO  manager.ListenerWD - ******************
16:59:11.545  INFO  manager.ListenerWD - InvocationTargetException getTargetException()org.openqa.selenium.NoSuchElementException: no such element: Unable to locate element: {"method":"css selector","selector":"a[href='/l..ogin']"}
  (Session info: chrome=109.0.5414.75)
For documentation on this error, please visit: https://selenium.dev/exceptions/#no_such_element
Build info: version: '4.4.0', revision: 'e5c75ed026a'
System info: host: 'LAPTOP', ip: '192.168.1.104', os.name: 'Windows 10', os.arch: 'amd64', os.version: '10.0', java.version: '11.0.17'
Driver info: org.openqa.selenium.chrome.ChromeDriver
Command: [8ce57c6cf5ed30bed913c3a4c637151e, findElement {using=css selector, value=a[href='/l..ogin']}]
Capabilities {acceptInsecureCerts: false, browserName: chrome, browserVersion: 109.0.5414.75, chrome: {chromedriverVersion: 108.0.5359.71 (1e0e3868ee06..., userDataDir: C:\Users\suzanna\AppData\Lo...}, goog:chromeOptions: {debuggerAddress: localhost:54202}, networkConnectionEnabled: false, pageLoadStrategy: normal, platformName: WINDOWS, proxy: Proxy(), se:cdp: ws://localhost:54202/devtoo..., se:cdpVersion: 109.0.5414.75, setWindowRect: true, strictFileInteractability: false, timeouts: {implicit: 0, pageLoad: 300000, script: 30000}, unhandledPromptBehavior: dismiss and notify, webauthn:extension:credBlob: true, webauthn:extension:largeBlob: true, webauthn:virtualAuthenticators: true}
Session ID: 8ce57c6cf5ed30bed913c3a4c637151e
16:59:11.545  INFO  manager.ListenerWD - ******************
16:59:11.546  INFO  manager.ListenerWD - Object target --->ChromeDriver: chrome on WINDOWS (8ce57c6cf5ed30bed913c3a4c637151e)
16:59:11.546  INFO  manager.ListenerWD - ******************
16:59:11.549  INFO  manager.ListenerWD - Screen with error is --->src/test/screenshots/screen-146.png
16:59:11.865  INFO  tests.TestBase - The name of starts method is --->loginSuccessNew
16:59:11.865  INFO  manager.ListenerWD - Before find elements -->By.xpath: //button[text()='Sign Out']
16:59:16.874  INFO  manager.ListenerWD - After find elements -->By.xpath: //button[text()='Sign Out']
16:59:16.874  INFO  manager.ListenerWD - List size is -->0
16:59:16.874  INFO  manager.ListenerWD - Before find element -->By.cssSelector: a[href='/l..ogin']
16:59:21.923  INFO  manager.ListenerWD - The have a 'problem'
16:59:21.924  INFO  manager.ListenerWD - ******************
16:59:21.924  INFO  manager.ListenerWD - Method method ---> findElement
16:59:21.924  INFO  manager.ListenerWD - ******************
16:59:21.924  INFO  manager.ListenerWD - InvocationTargetException getTargetException()org.openqa.selenium.NoSuchElementException: no such element: Unable to locate element: {"method":"css selector","selector":"a[href='/l..ogin']"}
  (Session info: chrome=109.0.5414.75)
For documentation on this error, please visit: https://selenium.dev/exceptions/#no_such_element
Build info: version: '4.4.0', revision: 'e5c75ed026a'
System info: host: 'LAPTOP', ip: '192.168.1.104', os.name: 'Windows 10', os.arch: 'amd64', os.version: '10.0', java.version: '11.0.17'
Driver info: org.openqa.selenium.chrome.ChromeDriver
Command: [8ce57c6cf5ed30bed913c3a4c637151e, findElement {using=css selector, value=a[href='/l..ogin']}]
Capabilities {acceptInsecureCerts: false, browserName: chrome, browserVersion: 109.0.5414.75, chrome: {chromedriverVersion: 108.0.5359.71 (1e0e3868ee06..., userDataDir: C:\Users\suzanna\AppData\Lo...}, goog:chromeOptions: {debuggerAddress: localhost:54202}, networkConnectionEnabled: false, pageLoadStrategy: normal, platformName: WINDOWS, proxy: Proxy(), se:cdp: ws://localhost:54202/devtoo..., se:cdpVersion: 109.0.5414.75, setWindowRect: true, strictFileInteractability: false, timeouts: {implicit: 0, pageLoad: 300000, script: 30000}, unhandledPromptBehavior: dismiss and notify, webauthn:extension:credBlob: true, webauthn:extension:largeBlob: true, webauthn:virtualAuthenticators: true}
Session ID: 8ce57c6cf5ed30bed913c3a4c637151e
16:59:21.924  INFO  manager.ListenerWD - ******************
16:59:21.924  INFO  manager.ListenerWD - Object target --->ChromeDriver: chrome on WINDOWS (8ce57c6cf5ed30bed913c3a4c637151e)
16:59:21.924  INFO  manager.ListenerWD - ******************
16:59:21.924  INFO  manager.ListenerWD - Screen with error is --->src/test/screenshots/screen-10.png
16:59:22.190  INFO  tests.TestBase - The name of starts method is --->loginUnregisterUser
16:59:22.191  INFO  manager.ListenerWD - Before find elements -->By.xpath: //button[text()='Sign Out']
16:59:27.248  INFO  manager.ListenerWD - After find elements -->By.xpath: //button[text()='Sign Out']
16:59:27.248  INFO  manager.ListenerWD - List size is -->0
16:59:27.249  INFO  manager.ListenerWD - Before find element -->By.cssSelector: a[href='/l..ogin']
16:59:32.305  INFO  manager.ListenerWD - The have a 'problem'
16:59:32.305  INFO  manager.ListenerWD - ******************
16:59:32.305  INFO  manager.ListenerWD - Method method ---> findElement
16:59:32.305  INFO  manager.ListenerWD - ******************
16:59:32.305  INFO  manager.ListenerWD - InvocationTargetException getTargetException()org.openqa.selenium.NoSuchElementException: no such element: Unable to locate element: {"method":"css selector","selector":"a[href='/l..ogin']"}
  (Session info: chrome=109.0.5414.75)
For documentation on this error, please visit: https://selenium.dev/exceptions/#no_such_element
Build info: version: '4.4.0', revision: 'e5c75ed026a'
System info: host: 'LAPTOP', ip: '192.168.1.104', os.name: 'Windows 10', os.arch: 'amd64', os.version: '10.0', java.version: '11.0.17'
Driver info: org.openqa.selenium.chrome.ChromeDriver
Command: [8ce57c6cf5ed30bed913c3a4c637151e, findElement {using=css selector, value=a[href='/l..ogin']}]
Capabilities {acceptInsecureCerts: false, browserName: chrome, browserVersion: 109.0.5414.75, chrome: {chromedriverVersion: 108.0.5359.71 (1e0e3868ee06..., userDataDir: C:\Users\suzanna\AppData\Lo...}, goog:chromeOptions: {debuggerAddress: localhost:54202}, networkConnectionEnabled: false, pageLoadStrategy: normal, platformName: WINDOWS, proxy: Proxy(), se:cdp: ws://localhost:54202/devtoo..., se:cdpVersion: 109.0.5414.75, setWindowRect: true, strictFileInteractability: false, timeouts: {implicit: 0, pageLoad: 300000, script: 30000}, unhandledPromptBehavior: dismiss and notify, webauthn:extension:credBlob: true, webauthn:extension:largeBlob: true, webauthn:virtualAuthenticators: true}
Session ID: 8ce57c6cf5ed30bed913c3a4c637151e
16:59:32.306  INFO  manager.ListenerWD - ******************
16:59:32.306  INFO  manager.ListenerWD - Object target --->ChromeDriver: chrome on WINDOWS (8ce57c6cf5ed30bed913c3a4c637151e)
16:59:32.306  INFO  manager.ListenerWD - ******************
16:59:32.307  INFO  manager.ListenerWD - Screen with error is --->src/test/screenshots/screen-970.png
16:59:32.578  INFO  tests.TestBase - The name of starts method is --->loginWrongEmail
16:59:32.579  INFO  manager.ListenerWD - Before find elements -->By.xpath: //button[text()='Sign Out']
16:59:37.628  INFO  manager.ListenerWD - After find elements -->By.xpath: //button[text()='Sign Out']
16:59:37.628  INFO  manager.ListenerWD - List size is -->0
16:59:37.628  INFO  manager.ListenerWD - Before find element -->By.cssSelector: a[href='/l..ogin']
16:59:42.687  INFO  manager.ListenerWD - The have a 'problem'
16:59:42.687  INFO  manager.ListenerWD - ******************
16:59:42.687  INFO  manager.ListenerWD - Method method ---> findElement
16:59:42.688  INFO  manager.ListenerWD - ******************
16:59:42.688  INFO  manager.ListenerWD - InvocationTargetException getTargetException()org.openqa.selenium.NoSuchElementException: no such element: Unable to locate element: {"method":"css selector","selector":"a[href='/l..ogin']"}
  (Session info: chrome=109.0.5414.75)
For documentation on this error, please visit: https://selenium.dev/exceptions/#no_such_element
Build info: version: '4.4.0', revision: 'e5c75ed026a'
System info: host: 'LAPTOP', ip: '192.168.1.104', os.name: 'Windows 10', os.arch: 'amd64', os.version: '10.0', java.version: '11.0.17'
Driver info: org.openqa.selenium.chrome.ChromeDriver
Command: [8ce57c6cf5ed30bed913c3a4c637151e, findElement {using=css selector, value=a[href='/l..ogin']}]
Capabilities {acceptInsecureCerts: false, browserName: chrome, browserVersion: 109.0.5414.75, chrome: {chromedriverVersion: 108.0.5359.71 (1e0e3868ee06..., userDataDir: C:\Users\suzanna\AppData\Lo...}, goog:chromeOptions: {debuggerAddress: localhost:54202}, networkConnectionEnabled: false, pageLoadStrategy: normal, platformName: WINDOWS, proxy: Proxy(), se:cdp: ws://localhost:54202/devtoo..., se:cdpVersion: 109.0.5414.75, setWindowRect: true, strictFileInteractability: false, timeouts: {implicit: 0, pageLoad: 300000, script: 30000}, unhandledPromptBehavior: dismiss and notify, webauthn:extension:credBlob: true, webauthn:extension:largeBlob: true, webauthn:virtualAuthenticators: true}
Session ID: 8ce57c6cf5ed30bed913c3a4c637151e
16:59:42.688  INFO  manager.ListenerWD - ******************
16:59:42.688  INFO  manager.ListenerWD - Object target --->ChromeDriver: chrome on WINDOWS (8ce57c6cf5ed30bed913c3a4c637151e)
16:59:42.688  INFO  manager.ListenerWD - ******************
16:59:42.688  INFO  manager.ListenerWD - Screen with error is --->src/test/screenshots/screen-976.png
16:59:43.116  INFO  tests.TestBase - The name of starts method is --->loginWrongPassword
16:59:43.116  INFO  manager.ListenerWD - Before find elements -->By.xpath: //button[text()='Sign Out']
16:59:48.124  INFO  manager.ListenerWD - After find elements -->By.xpath: //button[text()='Sign Out']
16:59:48.124  INFO  manager.ListenerWD - List size is -->0
16:59:48.125  INFO  manager.ListenerWD - Before find element -->By.cssSelector: a[href='/l..ogin']
16:59:53.172  INFO  manager.ListenerWD - The have a 'problem'
16:59:53.172  INFO  manager.ListenerWD - ******************
16:59:53.172  INFO  manager.ListenerWD - Method method ---> findElement
16:59:53.172  INFO  manager.ListenerWD - ******************
16:59:53.172  INFO  manager.ListenerWD - InvocationTargetException getTargetException()org.openqa.selenium.NoSuchElementException: no such element: Unable to locate element: {"method":"css selector","selector":"a[href='/l..ogin']"}
  (Session info: chrome=109.0.5414.75)
For documentation on this error, please visit: https://selenium.dev/exceptions/#no_such_element
Build info: version: '4.4.0', revision: 'e5c75ed026a'
System info: host: 'LAPTOP', ip: '192.168.1.104', os.name: 'Windows 10', os.arch: 'amd64', os.version: '10.0', java.version: '11.0.17'
Driver info: org.openqa.selenium.chrome.ChromeDriver
Command: [8ce57c6cf5ed30bed913c3a4c637151e, findElement {using=css selector, value=a[href='/l..ogin']}]
Capabilities {acceptInsecureCerts: false, browserName: chrome, browserVersion: 109.0.5414.75, chrome: {chromedriverVersion: 108.0.5359.71 (1e0e3868ee06..., userDataDir: C:\Users\suzanna\AppData\Lo...}, goog:chromeOptions: {debuggerAddress: localhost:54202}, networkConnectionEnabled: false, pageLoadStrategy: normal, platformName: WINDOWS, proxy: Proxy(), se:cdp: ws://localhost:54202/devtoo..., se:cdpVersion: 109.0.5414.75, setWindowRect: true, strictFileInteractability: false, timeouts: {implicit: 0, pageLoad: 300000, script: 30000}, unhandledPromptBehavior: dismiss and notify, webauthn:extension:credBlob: true, webauthn:extension:largeBlob: true, webauthn:virtualAuthenticators: true}
Session ID: 8ce57c6cf5ed30bed913c3a4c637151e
16:59:53.172  INFO  manager.ListenerWD - ******************
16:59:53.173  INFO  manager.ListenerWD - Object target --->ChromeDriver: chrome on WINDOWS (8ce57c6cf5ed30bed913c3a4c637151e)
16:59:53.173  INFO  manager.ListenerWD - ******************
16:59:53.173  INFO  manager.ListenerWD - Screen with error is --->src/test/screenshots/screen-599.png
