18:46:36.186  INFO  manager.ApplicationManager - All tests star in Chrome Browser
18:46:37.394  INFO  manager.ApplicationManager - Current Url -->https://telranedu.web.app/home
18:46:37.397  INFO  manager.ListenerTNG - onStart ---Gradle test
18:46:37.417  INFO  tests.TestBase - The name of starts method is --->addContactSuccessAllFields
18:46:37.420  INFO  manager.ListenerWD - Before find elements --> By.xpath: //button[text()='Sign Out']
18:46:39.056  INFO  manager.ListenerWD - After find elements --> By.xpath: //button[text()='Sign Out']
18:46:39.059  INFO  manager.ListenerWD - List suze is --> 0
18:46:39.071  INFO  manager.ListenerWD - Before find element --> By.cssSelector: a[href='/login']
18:46:39.089  INFO  manager.ListenerWD - The have a 'problem'
18:46:39.089  INFO  manager.ListenerWD - ******************
18:46:39.089  INFO  manager.ListenerWD - Method method ---> findElement
18:46:39.090  INFO  manager.ListenerWD - ******************
18:46:39.092  INFO  manager.ListenerWD - InvocationTargetException getTargetException()org.openqa.selenium.NoSuchWindowException: no such window: target window already closed
from unknown error: web view not found
  (Session info: chrome=109.0.5414.120)
Build info: version: '4.7.1', revision: 'c6795baf1a3'
System info: os.name: 'Windows 10', os.arch: 'amd64', os.version: '10.0', java.version: '11.0.17'
Driver info: org.openqa.selenium.chrome.ChromeDriver
Command: [ff939a3b94b093db00582bfce1374040, findElement {using=css selector, value=a[href='/login']}]
Capabilities {acceptInsecureCerts: false, browserName: chrome, browserVersion: 109.0.5414.120, chrome: {chromedriverVersion: 108.0.5359.71 (1e0e3868ee06..., userDataDir: C:\Users\suzanna\AppData\Lo...}, goog:chromeOptions: {debuggerAddress: localhost:53758}, networkConnectionEnabled: false, pageLoadStrategy: normal, platformName: WINDOWS, proxy: Proxy(), se:cdp: ws://localhost:53758/devtoo..., se:cdpVersion: 109.0.5414.120, setWindowRect: true, strictFileInteractability: false, timeouts: {implicit: 0, pageLoad: 300000, script: 30000}, unhandledPromptBehavior: dismiss and notify, webauthn:extension:credBlob: true, webauthn:extension:largeBlob: true, webauthn:virtualAuthenticators: true}
Session ID: ff939a3b94b093db00582bfce1374040
18:46:39.092  INFO  manager.ListenerWD - ******************
18:46:39.093  INFO  manager.ListenerWD - Object target --->ChromeDriver: chrome on WINDOWS (ff939a3b94b093db00582bfce1374040)
18:46:39.094  INFO  manager.ListenerWD - ******************
18:46:39.099  INFO  manager.ListenerWD - Screen with error is --->src/test/screenshots/screen-512.png
18:46:39.129  INFO  manager.ListenerTNG - onTestStart ---addContactSuccessAllFields
18:46:39.131  INFO  manager.ListenerTNG - onTestSkipped ---addContactSuccessAllFields
18:46:39.138  INFO  tests.TestBase - The name of starts method is --->addContactSuccessRequiredFields
18:46:39.140  INFO  manager.ListenerWD - Before find elements --> By.xpath: //button[text()='Sign Out']
18:46:39.152  INFO  manager.ListenerWD - The have a 'problem'
18:46:39.153  INFO  manager.ListenerWD - ******************
18:46:39.154  INFO  manager.ListenerWD - Method method ---> findElements
18:46:39.154  INFO  manager.ListenerWD - ******************
18:46:39.155  INFO  manager.ListenerWD - InvocationTargetException getTargetException()org.openqa.selenium.NoSuchWindowException: no such window: target window already closed
from unknown error: web view not found
  (Session info: chrome=109.0.5414.120)
Build info: version: '4.7.1', revision: 'c6795baf1a3'
System info: os.name: 'Windows 10', os.arch: 'amd64', os.version: '10.0', java.version: '11.0.17'
Driver info: org.openqa.selenium.chrome.ChromeDriver
Command: [ff939a3b94b093db00582bfce1374040, findElements {using=xpath, value=//button[text()='Sign Out']}]
Capabilities {acceptInsecureCerts: false, browserName: chrome, browserVersion: 109.0.5414.120, chrome: {chromedriverVersion: 108.0.5359.71 (1e0e3868ee06..., userDataDir: C:\Users\suzanna\AppData\Lo...}, goog:chromeOptions: {debuggerAddress: localhost:53758}, networkConnectionEnabled: false, pageLoadStrategy: normal, platformName: WINDOWS, proxy: Proxy(), se:cdp: ws://localhost:53758/devtoo..., se:cdpVersion: 109.0.5414.120, setWindowRect: true, strictFileInteractability: false, timeouts: {implicit: 0, pageLoad: 300000, script: 30000}, unhandledPromptBehavior: dismiss and notify, webauthn:extension:credBlob: true, webauthn:extension:largeBlob: true, webauthn:virtualAuthenticators: true}
Session ID: ff939a3b94b093db00582bfce1374040
18:46:39.156  INFO  manager.ListenerWD - ******************
18:46:39.158  INFO  manager.ListenerWD - Object target --->ChromeDriver: chrome on WINDOWS (ff939a3b94b093db00582bfce1374040)
18:46:39.158  INFO  manager.ListenerWD - ******************
18:46:39.158  INFO  manager.ListenerWD - Screen with error is --->src/test/screenshots/screen-491.png
18:46:39.204  INFO  manager.ListenerTNG - onTestStart ---addContactSuccessRequiredFields
18:46:39.205  INFO  manager.ListenerTNG - onTestSkipped ---addContactSuccessRequiredFields
18:46:39.208  INFO  tests.TestBase - The name of starts method is --->addNewContactWrongAddress
18:46:39.211  INFO  manager.ListenerWD - Before find elements --> By.xpath: //button[text()='Sign Out']
18:46:39.228  INFO  manager.ListenerWD - The have a 'problem'
18:46:39.229  INFO  manager.ListenerWD - ******************
18:46:39.232  INFO  manager.ListenerWD - Method method ---> findElements
18:46:39.232  INFO  manager.ListenerWD - ******************
18:46:39.233  INFO  manager.ListenerWD - InvocationTargetException getTargetException()org.openqa.selenium.NoSuchWindowException: no such window: target window already closed
from unknown error: web view not found
  (Session info: chrome=109.0.5414.120)
Build info: version: '4.7.1', revision: 'c6795baf1a3'
System info: os.name: 'Windows 10', os.arch: 'amd64', os.version: '10.0', java.version: '11.0.17'
Driver info: org.openqa.selenium.chrome.ChromeDriver
Command: [ff939a3b94b093db00582bfce1374040, findElements {using=xpath, value=//button[text()='Sign Out']}]
Capabilities {acceptInsecureCerts: false, browserName: chrome, browserVersion: 109.0.5414.120, chrome: {chromedriverVersion: 108.0.5359.71 (1e0e3868ee06..., userDataDir: C:\Users\suzanna\AppData\Lo...}, goog:chromeOptions: {debuggerAddress: localhost:53758}, networkConnectionEnabled: false, pageLoadStrategy: normal, platformName: WINDOWS, proxy: Proxy(), se:cdp: ws://localhost:53758/devtoo..., se:cdpVersion: 109.0.5414.120, setWindowRect: true, strictFileInteractability: false, timeouts: {implicit: 0, pageLoad: 300000, script: 30000}, unhandledPromptBehavior: dismiss and notify, webauthn:extension:credBlob: true, webauthn:extension:largeBlob: true, webauthn:virtualAuthenticators: true}
Session ID: ff939a3b94b093db00582bfce1374040
18:46:39.236  INFO  manager.ListenerWD - ******************
18:46:39.237  INFO  manager.ListenerWD - Object target --->ChromeDriver: chrome on WINDOWS (ff939a3b94b093db00582bfce1374040)
18:46:39.237  INFO  manager.ListenerWD - ******************
18:46:39.237  INFO  manager.ListenerWD - Screen with error is --->src/test/screenshots/screen-730.png
18:46:39.251  INFO  manager.ListenerTNG - onTestStart ---addNewContactWrongAddress
18:46:39.252  INFO  manager.ListenerTNG - onTestSkipped ---addNewContactWrongAddress
18:46:39.254  INFO  tests.TestBase - The name of starts method is --->addNewContactWrongEmail
18:46:39.257  INFO  manager.ListenerWD - Before find elements --> By.xpath: //button[text()='Sign Out']
18:46:39.265  INFO  manager.ListenerWD - The have a 'problem'
18:46:39.265  INFO  manager.ListenerWD - ******************
18:46:39.265  INFO  manager.ListenerWD - Method method ---> findElements
18:46:39.265  INFO  manager.ListenerWD - ******************
18:46:39.265  INFO  manager.ListenerWD - InvocationTargetException getTargetException()org.openqa.selenium.NoSuchWindowException: no such window: target window already closed
from unknown error: web view not found
  (Session info: chrome=109.0.5414.120)
Build info: version: '4.7.1', revision: 'c6795baf1a3'
System info: os.name: 'Windows 10', os.arch: 'amd64', os.version: '10.0', java.version: '11.0.17'
Driver info: org.openqa.selenium.chrome.ChromeDriver
Command: [ff939a3b94b093db00582bfce1374040, findElements {using=xpath, value=//button[text()='Sign Out']}]
Capabilities {acceptInsecureCerts: false, browserName: chrome, browserVersion: 109.0.5414.120, chrome: {chromedriverVersion: 108.0.5359.71 (1e0e3868ee06..., userDataDir: C:\Users\suzanna\AppData\Lo...}, goog:chromeOptions: {debuggerAddress: localhost:53758}, networkConnectionEnabled: false, pageLoadStrategy: normal, platformName: WINDOWS, proxy: Proxy(), se:cdp: ws://localhost:53758/devtoo..., se:cdpVersion: 109.0.5414.120, setWindowRect: true, strictFileInteractability: false, timeouts: {implicit: 0, pageLoad: 300000, script: 30000}, unhandledPromptBehavior: dismiss and notify, webauthn:extension:credBlob: true, webauthn:extension:largeBlob: true, webauthn:virtualAuthenticators: true}
Session ID: ff939a3b94b093db00582bfce1374040
18:46:39.266  INFO  manager.ListenerWD - ******************
18:46:39.266  INFO  manager.ListenerWD - Object target --->ChromeDriver: chrome on WINDOWS (ff939a3b94b093db00582bfce1374040)
18:46:39.266  INFO  manager.ListenerWD - ******************
18:46:39.267  INFO  manager.ListenerWD - Screen with error is --->src/test/screenshots/screen-687.png
18:46:39.280  INFO  manager.ListenerTNG - onTestStart ---addNewContactWrongEmail
18:46:39.281  INFO  manager.ListenerTNG - onTestSkipped ---addNewContactWrongEmail
18:46:39.282  INFO  tests.TestBase - The name of starts method is --->addNewContactWrongLastName
18:46:39.284  INFO  manager.ListenerWD - Before find elements --> By.xpath: //button[text()='Sign Out']
18:46:39.294  INFO  manager.ListenerWD - The have a 'problem'
18:46:39.295  INFO  manager.ListenerWD - ******************
18:46:39.295  INFO  manager.ListenerWD - Method method ---> findElements
18:46:39.295  INFO  manager.ListenerWD - ******************
18:46:39.295  INFO  manager.ListenerWD - InvocationTargetException getTargetException()org.openqa.selenium.NoSuchWindowException: no such window: target window already closed
from unknown error: web view not found
  (Session info: chrome=109.0.5414.120)
Build info: version: '4.7.1', revision: 'c6795baf1a3'
System info: os.name: 'Windows 10', os.arch: 'amd64', os.version: '10.0', java.version: '11.0.17'
Driver info: org.openqa.selenium.chrome.ChromeDriver
Command: [ff939a3b94b093db00582bfce1374040, findElements {using=xpath, value=//button[text()='Sign Out']}]
Capabilities {acceptInsecureCerts: false, browserName: chrome, browserVersion: 109.0.5414.120, chrome: {chromedriverVersion: 108.0.5359.71 (1e0e3868ee06..., userDataDir: C:\Users\suzanna\AppData\Lo...}, goog:chromeOptions: {debuggerAddress: localhost:53758}, networkConnectionEnabled: false, pageLoadStrategy: normal, platformName: WINDOWS, proxy: Proxy(), se:cdp: ws://localhost:53758/devtoo..., se:cdpVersion: 109.0.5414.120, setWindowRect: true, strictFileInteractability: false, timeouts: {implicit: 0, pageLoad: 300000, script: 30000}, unhandledPromptBehavior: dismiss and notify, webauthn:extension:credBlob: true, webauthn:extension:largeBlob: true, webauthn:virtualAuthenticators: true}
Session ID: ff939a3b94b093db00582bfce1374040
18:46:39.296  INFO  manager.ListenerWD - ******************
18:46:39.296  INFO  manager.ListenerWD - Object target --->ChromeDriver: chrome on WINDOWS (ff939a3b94b093db00582bfce1374040)
18:46:39.296  INFO  manager.ListenerWD - ******************
18:46:39.296  INFO  manager.ListenerWD - Screen with error is --->src/test/screenshots/screen-48.png
18:46:39.307  INFO  manager.ListenerTNG - onTestStart ---addNewContactWrongLastName
18:46:39.307  INFO  manager.ListenerTNG - onTestSkipped ---addNewContactWrongLastName
18:46:39.310  INFO  tests.TestBase - The name of starts method is --->addNewContactWrongName
18:46:39.312  INFO  manager.ListenerWD - Before find elements --> By.xpath: //button[text()='Sign Out']
18:46:39.318  INFO  manager.ListenerWD - The have a 'problem'
18:46:39.319  INFO  manager.ListenerWD - ******************
18:46:39.319  INFO  manager.ListenerWD - Method method ---> findElements
18:46:39.319  INFO  manager.ListenerWD - ******************
18:46:39.320  INFO  manager.ListenerWD - InvocationTargetException getTargetException()org.openqa.selenium.NoSuchWindowException: no such window: target window already closed
from unknown error: web view not found
  (Session info: chrome=109.0.5414.120)
Build info: version: '4.7.1', revision: 'c6795baf1a3'
System info: os.name: 'Windows 10', os.arch: 'amd64', os.version: '10.0', java.version: '11.0.17'
Driver info: org.openqa.selenium.chrome.ChromeDriver
Command: [ff939a3b94b093db00582bfce1374040, findElements {using=xpath, value=//button[text()='Sign Out']}]
Capabilities {acceptInsecureCerts: false, browserName: chrome, browserVersion: 109.0.5414.120, chrome: {chromedriverVersion: 108.0.5359.71 (1e0e3868ee06..., userDataDir: C:\Users\suzanna\AppData\Lo...}, goog:chromeOptions: {debuggerAddress: localhost:53758}, networkConnectionEnabled: false, pageLoadStrategy: normal, platformName: WINDOWS, proxy: Proxy(), se:cdp: ws://localhost:53758/devtoo..., se:cdpVersion: 109.0.5414.120, setWindowRect: true, strictFileInteractability: false, timeouts: {implicit: 0, pageLoad: 300000, script: 30000}, unhandledPromptBehavior: dismiss and notify, webauthn:extension:credBlob: true, webauthn:extension:largeBlob: true, webauthn:virtualAuthenticators: true}
Session ID: ff939a3b94b093db00582bfce1374040
18:46:39.320  INFO  manager.ListenerWD - ******************
18:46:39.320  INFO  manager.ListenerWD - Object target --->ChromeDriver: chrome on WINDOWS (ff939a3b94b093db00582bfce1374040)
18:46:39.320  INFO  manager.ListenerWD - ******************
18:46:39.320  INFO  manager.ListenerWD - Screen with error is --->src/test/screenshots/screen-907.png
18:46:39.331  INFO  manager.ListenerTNG - onTestStart ---addNewContactWrongName
18:46:39.331  INFO  manager.ListenerTNG - onTestSkipped ---addNewContactWrongName
18:46:39.332  INFO  tests.TestBase - The name of starts method is --->addNewContactWrongPhone
18:46:39.335  INFO  manager.ListenerWD - Before find elements --> By.xpath: //button[text()='Sign Out']
18:46:39.341  INFO  manager.ListenerWD - The have a 'problem'
18:46:39.342  INFO  manager.ListenerWD - ******************
18:46:39.342  INFO  manager.ListenerWD - Method method ---> findElements
18:46:39.343  INFO  manager.ListenerWD - ******************
18:46:39.343  INFO  manager.ListenerWD - InvocationTargetException getTargetException()org.openqa.selenium.NoSuchWindowException: no such window: target window already closed
from unknown error: web view not found
  (Session info: chrome=109.0.5414.120)
Build info: version: '4.7.1', revision: 'c6795baf1a3'
System info: os.name: 'Windows 10', os.arch: 'amd64', os.version: '10.0', java.version: '11.0.17'
Driver info: org.openqa.selenium.chrome.ChromeDriver
Command: [ff939a3b94b093db00582bfce1374040, findElements {using=xpath, value=//button[text()='Sign Out']}]
Capabilities {acceptInsecureCerts: false, browserName: chrome, browserVersion: 109.0.5414.120, chrome: {chromedriverVersion: 108.0.5359.71 (1e0e3868ee06..., userDataDir: C:\Users\suzanna\AppData\Lo...}, goog:chromeOptions: {debuggerAddress: localhost:53758}, networkConnectionEnabled: false, pageLoadStrategy: normal, platformName: WINDOWS, proxy: Proxy(), se:cdp: ws://localhost:53758/devtoo..., se:cdpVersion: 109.0.5414.120, setWindowRect: true, strictFileInteractability: false, timeouts: {implicit: 0, pageLoad: 300000, script: 30000}, unhandledPromptBehavior: dismiss and notify, webauthn:extension:credBlob: true, webauthn:extension:largeBlob: true, webauthn:virtualAuthenticators: true}
Session ID: ff939a3b94b093db00582bfce1374040
18:46:39.343  INFO  manager.ListenerWD - ******************
18:46:39.344  INFO  manager.ListenerWD - Object target --->ChromeDriver: chrome on WINDOWS (ff939a3b94b093db00582bfce1374040)
18:46:39.344  INFO  manager.ListenerWD - ******************
18:46:39.344  INFO  manager.ListenerWD - Screen with error is --->src/test/screenshots/screen-835.png
18:46:39.355  INFO  manager.ListenerTNG - onTestStart ---addNewContactWrongPhone
18:46:39.356  INFO  manager.ListenerTNG - onTestSkipped ---addNewContactWrongPhone
18:46:39.362  INFO  tests.TestBase - The name of starts method is --->loginSuccess
18:46:39.365  INFO  manager.ListenerWD - Before find elements --> By.xpath: //button[text()='Sign Out']
18:46:39.370  INFO  manager.ListenerWD - The have a 'problem'
18:46:39.371  INFO  manager.ListenerWD - ******************
18:46:39.371  INFO  manager.ListenerWD - Method method ---> findElements
18:46:39.371  INFO  manager.ListenerWD - ******************
18:46:39.371  INFO  manager.ListenerWD - InvocationTargetException getTargetException()org.openqa.selenium.NoSuchWindowException: no such window: target window already closed
from unknown error: web view not found
  (Session info: chrome=109.0.5414.120)
Build info: version: '4.7.1', revision: 'c6795baf1a3'
System info: os.name: 'Windows 10', os.arch: 'amd64', os.version: '10.0', java.version: '11.0.17'
Driver info: org.openqa.selenium.chrome.ChromeDriver
Command: [ff939a3b94b093db00582bfce1374040, findElements {using=xpath, value=//button[text()='Sign Out']}]
Capabilities {acceptInsecureCerts: false, browserName: chrome, browserVersion: 109.0.5414.120, chrome: {chromedriverVersion: 108.0.5359.71 (1e0e3868ee06..., userDataDir: C:\Users\suzanna\AppData\Lo...}, goog:chromeOptions: {debuggerAddress: localhost:53758}, networkConnectionEnabled: false, pageLoadStrategy: normal, platformName: WINDOWS, proxy: Proxy(), se:cdp: ws://localhost:53758/devtoo..., se:cdpVersion: 109.0.5414.120, setWindowRect: true, strictFileInteractability: false, timeouts: {implicit: 0, pageLoad: 300000, script: 30000}, unhandledPromptBehavior: dismiss and notify, webauthn:extension:credBlob: true, webauthn:extension:largeBlob: true, webauthn:virtualAuthenticators: true}
Session ID: ff939a3b94b093db00582bfce1374040
18:46:39.371  INFO  manager.ListenerWD - ******************
18:46:39.371  INFO  manager.ListenerWD - Object target --->ChromeDriver: chrome on WINDOWS (ff939a3b94b093db00582bfce1374040)
18:46:39.371  INFO  manager.ListenerWD - ******************
18:46:39.371  INFO  manager.ListenerWD - Screen with error is --->src/test/screenshots/screen-508.png
18:46:39.385  INFO  manager.ListenerTNG - onTestStart ---loginSuccess
18:46:39.390  INFO  manager.ListenerTNG - onTestSkipped ---loginSuccess
18:46:39.392  INFO  tests.TestBase - The name of starts method is --->loginSuccess
18:46:39.394  INFO  manager.ListenerWD - Before find elements --> By.xpath: //button[text()='Sign Out']
18:46:39.406  INFO  manager.ListenerWD - The have a 'problem'
18:46:39.406  INFO  manager.ListenerWD - ******************
18:46:39.406  INFO  manager.ListenerWD - Method method ---> findElements
18:46:39.406  INFO  manager.ListenerWD - ******************
18:46:39.407  INFO  manager.ListenerWD - InvocationTargetException getTargetException()org.openqa.selenium.NoSuchWindowException: no such window: target window already closed
from unknown error: web view not found
  (Session info: chrome=109.0.5414.120)
Build info: version: '4.7.1', revision: 'c6795baf1a3'
System info: os.name: 'Windows 10', os.arch: 'amd64', os.version: '10.0', java.version: '11.0.17'
Driver info: org.openqa.selenium.chrome.ChromeDriver
Command: [ff939a3b94b093db00582bfce1374040, findElements {using=xpath, value=//button[text()='Sign Out']}]
Capabilities {acceptInsecureCerts: false, browserName: chrome, browserVersion: 109.0.5414.120, chrome: {chromedriverVersion: 108.0.5359.71 (1e0e3868ee06..., userDataDir: C:\Users\suzanna\AppData\Lo...}, goog:chromeOptions: {debuggerAddress: localhost:53758}, networkConnectionEnabled: false, pageLoadStrategy: normal, platformName: WINDOWS, proxy: Proxy(), se:cdp: ws://localhost:53758/devtoo..., se:cdpVersion: 109.0.5414.120, setWindowRect: true, strictFileInteractability: false, timeouts: {implicit: 0, pageLoad: 300000, script: 30000}, unhandledPromptBehavior: dismiss and notify, webauthn:extension:credBlob: true, webauthn:extension:largeBlob: true, webauthn:virtualAuthenticators: true}
Session ID: ff939a3b94b093db00582bfce1374040
18:46:39.407  INFO  manager.ListenerWD - ******************
18:46:39.407  INFO  manager.ListenerWD - Object target --->ChromeDriver: chrome on WINDOWS (ff939a3b94b093db00582bfce1374040)
18:46:39.407  INFO  manager.ListenerWD - ******************
18:46:39.407  INFO  manager.ListenerWD - Screen with error is --->src/test/screenshots/screen-426.png
18:46:39.421  INFO  manager.ListenerTNG - onTestStart ---loginSuccess
18:46:39.421  INFO  manager.ListenerTNG - onTestSkipped ---loginSuccess
18:46:39.424  INFO  tests.TestBase - The name of starts method is --->loginSuccess
18:46:39.425  INFO  manager.ListenerWD - Before find elements --> By.xpath: //button[text()='Sign Out']
18:46:39.432  INFO  manager.ListenerWD - The have a 'problem'
18:46:39.434  INFO  manager.ListenerWD - ******************
18:46:39.434  INFO  manager.ListenerWD - Method method ---> findElements
18:46:39.435  INFO  manager.ListenerWD - ******************
18:46:39.438  INFO  manager.ListenerWD - InvocationTargetException getTargetException()org.openqa.selenium.NoSuchWindowException: no such window: target window already closed
from unknown error: web view not found
  (Session info: chrome=109.0.5414.120)
Build info: version: '4.7.1', revision: 'c6795baf1a3'
System info: os.name: 'Windows 10', os.arch: 'amd64', os.version: '10.0', java.version: '11.0.17'
Driver info: org.openqa.selenium.chrome.ChromeDriver
Command: [ff939a3b94b093db00582bfce1374040, findElements {using=xpath, value=//button[text()='Sign Out']}]
Capabilities {acceptInsecureCerts: false, browserName: chrome, browserVersion: 109.0.5414.120, chrome: {chromedriverVersion: 108.0.5359.71 (1e0e3868ee06..., userDataDir: C:\Users\suzanna\AppData\Lo...}, goog:chromeOptions: {debuggerAddress: localhost:53758}, networkConnectionEnabled: false, pageLoadStrategy: normal, platformName: WINDOWS, proxy: Proxy(), se:cdp: ws://localhost:53758/devtoo..., se:cdpVersion: 109.0.5414.120, setWindowRect: true, strictFileInteractability: false, timeouts: {implicit: 0, pageLoad: 300000, script: 30000}, unhandledPromptBehavior: dismiss and notify, webauthn:extension:credBlob: true, webauthn:extension:largeBlob: true, webauthn:virtualAuthenticators: true}
Session ID: ff939a3b94b093db00582bfce1374040
18:46:39.439  INFO  manager.ListenerWD - ******************
18:46:39.439  INFO  manager.ListenerWD - Object target --->ChromeDriver: chrome on WINDOWS (ff939a3b94b093db00582bfce1374040)
18:46:39.439  INFO  manager.ListenerWD - ******************
18:46:39.440  INFO  manager.ListenerWD - Screen with error is --->src/test/screenshots/screen-309.png
18:46:39.451  INFO  manager.ListenerTNG - onTestStart ---loginSuccess
18:46:39.452  INFO  manager.ListenerTNG - onTestSkipped ---loginSuccess
18:46:39.459  INFO  tests.TestBase - The name of starts method is --->loginSuccess2
18:46:39.460  INFO  manager.ListenerWD - Before find elements --> By.xpath: //button[text()='Sign Out']
18:46:39.473  INFO  manager.ListenerWD - The have a 'problem'
18:46:39.473  INFO  manager.ListenerWD - ******************
18:46:39.473  INFO  manager.ListenerWD - Method method ---> findElements
18:46:39.473  INFO  manager.ListenerWD - ******************
18:46:39.474  INFO  manager.ListenerWD - InvocationTargetException getTargetException()org.openqa.selenium.NoSuchWindowException: no such window: target window already closed
from unknown error: web view not found
  (Session info: chrome=109.0.5414.120)
Build info: version: '4.7.1', revision: 'c6795baf1a3'
System info: os.name: 'Windows 10', os.arch: 'amd64', os.version: '10.0', java.version: '11.0.17'
Driver info: org.openqa.selenium.chrome.ChromeDriver
Command: [ff939a3b94b093db00582bfce1374040, findElements {using=xpath, value=//button[text()='Sign Out']}]
Capabilities {acceptInsecureCerts: false, browserName: chrome, browserVersion: 109.0.5414.120, chrome: {chromedriverVersion: 108.0.5359.71 (1e0e3868ee06..., userDataDir: C:\Users\suzanna\AppData\Lo...}, goog:chromeOptions: {debuggerAddress: localhost:53758}, networkConnectionEnabled: false, pageLoadStrategy: normal, platformName: WINDOWS, proxy: Proxy(), se:cdp: ws://localhost:53758/devtoo..., se:cdpVersion: 109.0.5414.120, setWindowRect: true, strictFileInteractability: false, timeouts: {implicit: 0, pageLoad: 300000, script: 30000}, unhandledPromptBehavior: dismiss and notify, webauthn:extension:credBlob: true, webauthn:extension:largeBlob: true, webauthn:virtualAuthenticators: true}
Session ID: ff939a3b94b093db00582bfce1374040
18:46:39.474  INFO  manager.ListenerWD - ******************
18:46:39.474  INFO  manager.ListenerWD - Object target --->ChromeDriver: chrome on WINDOWS (ff939a3b94b093db00582bfce1374040)
18:46:39.474  INFO  manager.ListenerWD - ******************
18:46:39.474  INFO  manager.ListenerWD - Screen with error is --->src/test/screenshots/screen-507.png
18:46:39.482  INFO  manager.ListenerTNG - onTestStart ---loginSuccess2
18:46:39.483  INFO  manager.ListenerTNG - onTestSkipped ---loginSuccess2
18:46:39.485  INFO  tests.TestBase - The name of starts method is --->loginSuccess2
18:46:39.486  INFO  manager.ListenerWD - Before find elements --> By.xpath: //button[text()='Sign Out']
18:46:39.495  INFO  manager.ListenerWD - The have a 'problem'
18:46:39.496  INFO  manager.ListenerWD - ******************
18:46:39.497  INFO  manager.ListenerWD - Method method ---> findElements
18:46:39.497  INFO  manager.ListenerWD - ******************
18:46:39.497  INFO  manager.ListenerWD - InvocationTargetException getTargetException()org.openqa.selenium.NoSuchWindowException: no such window: target window already closed
from unknown error: web view not found
  (Session info: chrome=109.0.5414.120)
Build info: version: '4.7.1', revision: 'c6795baf1a3'
System info: os.name: 'Windows 10', os.arch: 'amd64', os.version: '10.0', java.version: '11.0.17'
Driver info: org.openqa.selenium.chrome.ChromeDriver
Command: [ff939a3b94b093db00582bfce1374040, findElements {using=xpath, value=//button[text()='Sign Out']}]
Capabilities {acceptInsecureCerts: false, browserName: chrome, browserVersion: 109.0.5414.120, chrome: {chromedriverVersion: 108.0.5359.71 (1e0e3868ee06..., userDataDir: C:\Users\suzanna\AppData\Lo...}, goog:chromeOptions: {debuggerAddress: localhost:53758}, networkConnectionEnabled: false, pageLoadStrategy: normal, platformName: WINDOWS, proxy: Proxy(), se:cdp: ws://localhost:53758/devtoo..., se:cdpVersion: 109.0.5414.120, setWindowRect: true, strictFileInteractability: false, timeouts: {implicit: 0, pageLoad: 300000, script: 30000}, unhandledPromptBehavior: dismiss and notify, webauthn:extension:credBlob: true, webauthn:extension:largeBlob: true, webauthn:virtualAuthenticators: true}
Session ID: ff939a3b94b093db00582bfce1374040
18:46:39.497  INFO  manager.ListenerWD - ******************
18:46:39.498  INFO  manager.ListenerWD - Object target --->ChromeDriver: chrome on WINDOWS (ff939a3b94b093db00582bfce1374040)
18:46:39.498  INFO  manager.ListenerWD - ******************
18:46:39.498  INFO  manager.ListenerWD - Screen with error is --->src/test/screenshots/screen-374.png
18:46:39.506  INFO  manager.ListenerTNG - onTestStart ---loginSuccess2
18:46:39.507  INFO  manager.ListenerTNG - onTestSkipped ---loginSuccess2
18:46:39.508  INFO  tests.TestBase - The name of starts method is --->loginSuccess2
18:46:39.510  INFO  manager.ListenerWD - Before find elements --> By.xpath: //button[text()='Sign Out']
18:46:39.517  INFO  manager.ListenerWD - The have a 'problem'
18:46:39.517  INFO  manager.ListenerWD - ******************
18:46:39.517  INFO  manager.ListenerWD - Method method ---> findElements
18:46:39.517  INFO  manager.ListenerWD - ******************
18:46:39.517  INFO  manager.ListenerWD - InvocationTargetException getTargetException()org.openqa.selenium.NoSuchWindowException: no such window: target window already closed
from unknown error: web view not found
  (Session info: chrome=109.0.5414.120)
Build info: version: '4.7.1', revision: 'c6795baf1a3'
System info: os.name: 'Windows 10', os.arch: 'amd64', os.version: '10.0', java.version: '11.0.17'
Driver info: org.openqa.selenium.chrome.ChromeDriver
Command: [ff939a3b94b093db00582bfce1374040, findElements {using=xpath, value=//button[text()='Sign Out']}]
Capabilities {acceptInsecureCerts: false, browserName: chrome, browserVersion: 109.0.5414.120, chrome: {chromedriverVersion: 108.0.5359.71 (1e0e3868ee06..., userDataDir: C:\Users\suzanna\AppData\Lo...}, goog:chromeOptions: {debuggerAddress: localhost:53758}, networkConnectionEnabled: false, pageLoadStrategy: normal, platformName: WINDOWS, proxy: Proxy(), se:cdp: ws://localhost:53758/devtoo..., se:cdpVersion: 109.0.5414.120, setWindowRect: true, strictFileInteractability: false, timeouts: {implicit: 0, pageLoad: 300000, script: 30000}, unhandledPromptBehavior: dismiss and notify, webauthn:extension:credBlob: true, webauthn:extension:largeBlob: true, webauthn:virtualAuthenticators: true}
Session ID: ff939a3b94b093db00582bfce1374040
18:46:39.518  INFO  manager.ListenerWD - ******************
18:46:39.518  INFO  manager.ListenerWD - Object target --->ChromeDriver: chrome on WINDOWS (ff939a3b94b093db00582bfce1374040)
18:46:39.518  INFO  manager.ListenerWD - ******************
18:46:39.518  INFO  manager.ListenerWD - Screen with error is --->src/test/screenshots/screen-908.png
18:46:39.525  INFO  manager.ListenerTNG - onTestStart ---loginSuccess2
18:46:39.525  INFO  manager.ListenerTNG - onTestSkipped ---loginSuccess2
18:46:39.526  INFO  tests.TestBase - The name of starts method is --->loginSuccessModel
18:46:39.527  INFO  manager.ListenerWD - Before find elements --> By.xpath: //button[text()='Sign Out']
18:46:39.534  INFO  manager.ListenerWD - The have a 'problem'
18:46:39.536  INFO  manager.ListenerWD - ******************
18:46:39.536  INFO  manager.ListenerWD - Method method ---> findElements
18:46:39.536  INFO  manager.ListenerWD - ******************
18:46:39.537  INFO  manager.ListenerWD - InvocationTargetException getTargetException()org.openqa.selenium.NoSuchWindowException: no such window: target window already closed
from unknown error: web view not found
  (Session info: chrome=109.0.5414.120)
Build info: version: '4.7.1', revision: 'c6795baf1a3'
System info: os.name: 'Windows 10', os.arch: 'amd64', os.version: '10.0', java.version: '11.0.17'
Driver info: org.openqa.selenium.chrome.ChromeDriver
Command: [ff939a3b94b093db00582bfce1374040, findElements {using=xpath, value=//button[text()='Sign Out']}]
Capabilities {acceptInsecureCerts: false, browserName: chrome, browserVersion: 109.0.5414.120, chrome: {chromedriverVersion: 108.0.5359.71 (1e0e3868ee06..., userDataDir: C:\Users\suzanna\AppData\Lo...}, goog:chromeOptions: {debuggerAddress: localhost:53758}, networkConnectionEnabled: false, pageLoadStrategy: normal, platformName: WINDOWS, proxy: Proxy(), se:cdp: ws://localhost:53758/devtoo..., se:cdpVersion: 109.0.5414.120, setWindowRect: true, strictFileInteractability: false, timeouts: {implicit: 0, pageLoad: 300000, script: 30000}, unhandledPromptBehavior: dismiss and notify, webauthn:extension:credBlob: true, webauthn:extension:largeBlob: true, webauthn:virtualAuthenticators: true}
Session ID: ff939a3b94b093db00582bfce1374040
18:46:39.537  INFO  manager.ListenerWD - ******************
18:46:39.537  INFO  manager.ListenerWD - Object target --->ChromeDriver: chrome on WINDOWS (ff939a3b94b093db00582bfce1374040)
18:46:39.537  INFO  manager.ListenerWD - ******************
18:46:39.537  INFO  manager.ListenerWD - Screen with error is --->src/test/screenshots/screen-214.png
18:46:39.558  INFO  manager.ListenerTNG - onTestStart ---loginSuccessModel
18:46:39.570  INFO  manager.ListenerTNG - onTestSkipped ---loginSuccessModel
18:46:39.571  INFO  tests.TestBase - The name of starts method is --->loginSuccessModel
18:46:39.573  INFO  manager.ListenerWD - Before find elements --> By.xpath: //button[text()='Sign Out']
18:46:39.577  INFO  manager.ListenerWD - The have a 'problem'
18:46:39.577  INFO  manager.ListenerWD - ******************
18:46:39.578  INFO  manager.ListenerWD - Method method ---> findElements
18:46:39.578  INFO  manager.ListenerWD - ******************
18:46:39.578  INFO  manager.ListenerWD - InvocationTargetException getTargetException()org.openqa.selenium.NoSuchWindowException: no such window: target window already closed
from unknown error: web view not found
  (Session info: chrome=109.0.5414.120)
Build info: version: '4.7.1', revision: 'c6795baf1a3'
System info: os.name: 'Windows 10', os.arch: 'amd64', os.version: '10.0', java.version: '11.0.17'
Driver info: org.openqa.selenium.chrome.ChromeDriver
Command: [ff939a3b94b093db00582bfce1374040, findElements {using=xpath, value=//button[text()='Sign Out']}]
Capabilities {acceptInsecureCerts: false, browserName: chrome, browserVersion: 109.0.5414.120, chrome: {chromedriverVersion: 108.0.5359.71 (1e0e3868ee06..., userDataDir: C:\Users\suzanna\AppData\Lo...}, goog:chromeOptions: {debuggerAddress: localhost:53758}, networkConnectionEnabled: false, pageLoadStrategy: normal, platformName: WINDOWS, proxy: Proxy(), se:cdp: ws://localhost:53758/devtoo..., se:cdpVersion: 109.0.5414.120, setWindowRect: true, strictFileInteractability: false, timeouts: {implicit: 0, pageLoad: 300000, script: 30000}, unhandledPromptBehavior: dismiss and notify, webauthn:extension:credBlob: true, webauthn:extension:largeBlob: true, webauthn:virtualAuthenticators: true}
Session ID: ff939a3b94b093db00582bfce1374040
18:46:39.578  INFO  manager.ListenerWD - ******************
18:46:39.578  INFO  manager.ListenerWD - Object target --->ChromeDriver: chrome on WINDOWS (ff939a3b94b093db00582bfce1374040)
18:46:39.578  INFO  manager.ListenerWD - ******************
18:46:39.578  INFO  manager.ListenerWD - Screen with error is --->src/test/screenshots/screen-299.png
18:46:39.586  INFO  manager.ListenerTNG - onTestStart ---loginSuccessModel
18:46:39.587  INFO  manager.ListenerTNG - onTestSkipped ---loginSuccessModel
18:46:39.588  INFO  tests.TestBase - The name of starts method is --->loginSuccessModel
18:46:39.590  INFO  manager.ListenerWD - Before find elements --> By.xpath: //button[text()='Sign Out']
18:46:39.596  INFO  manager.ListenerWD - The have a 'problem'
18:46:39.596  INFO  manager.ListenerWD - ******************
18:46:39.596  INFO  manager.ListenerWD - Method method ---> findElements
18:46:39.596  INFO  manager.ListenerWD - ******************
18:46:39.597  INFO  manager.ListenerWD - InvocationTargetException getTargetException()org.openqa.selenium.NoSuchWindowException: no such window: target window already closed
from unknown error: web view not found
  (Session info: chrome=109.0.5414.120)
Build info: version: '4.7.1', revision: 'c6795baf1a3'
System info: os.name: 'Windows 10', os.arch: 'amd64', os.version: '10.0', java.version: '11.0.17'
Driver info: org.openqa.selenium.chrome.ChromeDriver
Command: [ff939a3b94b093db00582bfce1374040, findElements {using=xpath, value=//button[text()='Sign Out']}]
Capabilities {acceptInsecureCerts: false, browserName: chrome, browserVersion: 109.0.5414.120, chrome: {chromedriverVersion: 108.0.5359.71 (1e0e3868ee06..., userDataDir: C:\Users\suzanna\AppData\Lo...}, goog:chromeOptions: {debuggerAddress: localhost:53758}, networkConnectionEnabled: false, pageLoadStrategy: normal, platformName: WINDOWS, proxy: Proxy(), se:cdp: ws://localhost:53758/devtoo..., se:cdpVersion: 109.0.5414.120, setWindowRect: true, strictFileInteractability: false, timeouts: {implicit: 0, pageLoad: 300000, script: 30000}, unhandledPromptBehavior: dismiss and notify, webauthn:extension:credBlob: true, webauthn:extension:largeBlob: true, webauthn:virtualAuthenticators: true}
Session ID: ff939a3b94b093db00582bfce1374040
18:46:39.597  INFO  manager.ListenerWD - ******************
18:46:39.597  INFO  manager.ListenerWD - Object target --->ChromeDriver: chrome on WINDOWS (ff939a3b94b093db00582bfce1374040)
18:46:39.597  INFO  manager.ListenerWD - ******************
18:46:39.597  INFO  manager.ListenerWD - Screen with error is --->src/test/screenshots/screen-916.png
18:46:39.605  INFO  manager.ListenerTNG - onTestStart ---loginSuccessModel
18:46:39.606  INFO  manager.ListenerTNG - onTestSkipped ---loginSuccessModel
18:46:39.608  INFO  manager.ListenerTNG - onTestSkipped ---loginSuccessModelFromFile
18:46:39.609  INFO  tests.TestBase - The name of starts method is --->loginSuccessNew
18:46:39.610  INFO  manager.ListenerWD - Before find elements --> By.xpath: //button[text()='Sign Out']
18:46:39.619  INFO  manager.ListenerWD - The have a 'problem'
18:46:39.619  INFO  manager.ListenerWD - ******************
18:46:39.620  INFO  manager.ListenerWD - Method method ---> findElements
18:46:39.620  INFO  manager.ListenerWD - ******************
18:46:39.621  INFO  manager.ListenerWD - InvocationTargetException getTargetException()org.openqa.selenium.NoSuchWindowException: no such window: target window already closed
from unknown error: web view not found
  (Session info: chrome=109.0.5414.120)
Build info: version: '4.7.1', revision: 'c6795baf1a3'
System info: os.name: 'Windows 10', os.arch: 'amd64', os.version: '10.0', java.version: '11.0.17'
Driver info: org.openqa.selenium.chrome.ChromeDriver
Command: [ff939a3b94b093db00582bfce1374040, findElements {using=xpath, value=//button[text()='Sign Out']}]
Capabilities {acceptInsecureCerts: false, browserName: chrome, browserVersion: 109.0.5414.120, chrome: {chromedriverVersion: 108.0.5359.71 (1e0e3868ee06..., userDataDir: C:\Users\suzanna\AppData\Lo...}, goog:chromeOptions: {debuggerAddress: localhost:53758}, networkConnectionEnabled: false, pageLoadStrategy: normal, platformName: WINDOWS, proxy: Proxy(), se:cdp: ws://localhost:53758/devtoo..., se:cdpVersion: 109.0.5414.120, setWindowRect: true, strictFileInteractability: false, timeouts: {implicit: 0, pageLoad: 300000, script: 30000}, unhandledPromptBehavior: dismiss and notify, webauthn:extension:credBlob: true, webauthn:extension:largeBlob: true, webauthn:virtualAuthenticators: true}
Session ID: ff939a3b94b093db00582bfce1374040
18:46:39.621  INFO  manager.ListenerWD - ******************
18:46:39.621  INFO  manager.ListenerWD - Object target --->ChromeDriver: chrome on WINDOWS (ff939a3b94b093db00582bfce1374040)
18:46:39.621  INFO  manager.ListenerWD - ******************
18:46:39.622  INFO  manager.ListenerWD - Screen with error is --->src/test/screenshots/screen-350.png
18:46:39.664  INFO  manager.ListenerTNG - onTestStart ---loginSuccessNew
18:46:39.665  INFO  manager.ListenerTNG - onTestSkipped ---loginSuccessNew
18:46:39.667  INFO  tests.TestBase - The name of starts method is --->loginSuccessNew
18:46:39.669  INFO  manager.ListenerWD - Before find elements --> By.xpath: //button[text()='Sign Out']
18:46:39.677  INFO  manager.ListenerWD - The have a 'problem'
18:46:39.677  INFO  manager.ListenerWD - ******************
18:46:39.677  INFO  manager.ListenerWD - Method method ---> findElements
18:46:39.677  INFO  manager.ListenerWD - ******************
18:46:39.677  INFO  manager.ListenerWD - InvocationTargetException getTargetException()org.openqa.selenium.NoSuchWindowException: no such window: target window already closed
from unknown error: web view not found
  (Session info: chrome=109.0.5414.120)
Build info: version: '4.7.1', revision: 'c6795baf1a3'
System info: os.name: 'Windows 10', os.arch: 'amd64', os.version: '10.0', java.version: '11.0.17'
Driver info: org.openqa.selenium.chrome.ChromeDriver
Command: [ff939a3b94b093db00582bfce1374040, findElements {using=xpath, value=//button[text()='Sign Out']}]
Capabilities {acceptInsecureCerts: false, browserName: chrome, browserVersion: 109.0.5414.120, chrome: {chromedriverVersion: 108.0.5359.71 (1e0e3868ee06..., userDataDir: C:\Users\suzanna\AppData\Lo...}, goog:chromeOptions: {debuggerAddress: localhost:53758}, networkConnectionEnabled: false, pageLoadStrategy: normal, platformName: WINDOWS, proxy: Proxy(), se:cdp: ws://localhost:53758/devtoo..., se:cdpVersion: 109.0.5414.120, setWindowRect: true, strictFileInteractability: false, timeouts: {implicit: 0, pageLoad: 300000, script: 30000}, unhandledPromptBehavior: dismiss and notify, webauthn:extension:credBlob: true, webauthn:extension:largeBlob: true, webauthn:virtualAuthenticators: true}
Session ID: ff939a3b94b093db00582bfce1374040
18:46:39.677  INFO  manager.ListenerWD - ******************
18:46:39.677  INFO  manager.ListenerWD - Object target --->ChromeDriver: chrome on WINDOWS (ff939a3b94b093db00582bfce1374040)
18:46:39.677  INFO  manager.ListenerWD - ******************
18:46:39.677  INFO  manager.ListenerWD - Screen with error is --->src/test/screenshots/screen-607.png
18:46:39.686  INFO  manager.ListenerTNG - onTestStart ---loginSuccessNew
18:46:39.686  INFO  manager.ListenerTNG - onTestSkipped ---loginSuccessNew
18:46:39.687  INFO  tests.TestBase - The name of starts method is --->loginUnregisterUser
18:46:39.691  INFO  manager.ListenerWD - Before find elements --> By.xpath: //button[text()='Sign Out']
18:46:39.716  INFO  manager.ListenerWD - The have a 'problem'
18:46:39.717  INFO  manager.ListenerWD - ******************
18:46:39.717  INFO  manager.ListenerWD - Method method ---> findElements
18:46:39.717  INFO  manager.ListenerWD - ******************
18:46:39.717  INFO  manager.ListenerWD - InvocationTargetException getTargetException()org.openqa.selenium.NoSuchWindowException: no such window: target window already closed
from unknown error: web view not found
  (Session info: chrome=109.0.5414.120)
Build info: version: '4.7.1', revision: 'c6795baf1a3'
System info: os.name: 'Windows 10', os.arch: 'amd64', os.version: '10.0', java.version: '11.0.17'
Driver info: org.openqa.selenium.chrome.ChromeDriver
Command: [ff939a3b94b093db00582bfce1374040, findElements {using=xpath, value=//button[text()='Sign Out']}]
Capabilities {acceptInsecureCerts: false, browserName: chrome, browserVersion: 109.0.5414.120, chrome: {chromedriverVersion: 108.0.5359.71 (1e0e3868ee06..., userDataDir: C:\Users\suzanna\AppData\Lo...}, goog:chromeOptions: {debuggerAddress: localhost:53758}, networkConnectionEnabled: false, pageLoadStrategy: normal, platformName: WINDOWS, proxy: Proxy(), se:cdp: ws://localhost:53758/devtoo..., se:cdpVersion: 109.0.5414.120, setWindowRect: true, strictFileInteractability: false, timeouts: {implicit: 0, pageLoad: 300000, script: 30000}, unhandledPromptBehavior: dismiss and notify, webauthn:extension:credBlob: true, webauthn:extension:largeBlob: true, webauthn:virtualAuthenticators: true}
Session ID: ff939a3b94b093db00582bfce1374040
18:46:39.717  INFO  manager.ListenerWD - ******************
18:46:39.717  INFO  manager.ListenerWD - Object target --->ChromeDriver: chrome on WINDOWS (ff939a3b94b093db00582bfce1374040)
18:46:39.717  INFO  manager.ListenerWD - ******************
18:46:39.717  INFO  manager.ListenerWD - Screen with error is --->src/test/screenshots/screen-151.png
18:46:39.726  INFO  manager.ListenerTNG - onTestStart ---loginUnregisterUser
18:46:39.727  INFO  manager.ListenerTNG - onTestSkipped ---loginUnregisterUser
18:46:39.728  INFO  tests.TestBase - The name of starts method is --->loginWrongEmail
18:46:39.730  INFO  manager.ListenerWD - Before find elements --> By.xpath: //button[text()='Sign Out']
18:46:39.736  INFO  manager.ListenerWD - The have a 'problem'
18:46:39.736  INFO  manager.ListenerWD - ******************
18:46:39.736  INFO  manager.ListenerWD - Method method ---> findElements
18:46:39.736  INFO  manager.ListenerWD - ******************
18:46:39.737  INFO  manager.ListenerWD - InvocationTargetException getTargetException()org.openqa.selenium.NoSuchWindowException: no such window: target window already closed
from unknown error: web view not found
  (Session info: chrome=109.0.5414.120)
Build info: version: '4.7.1', revision: 'c6795baf1a3'
System info: os.name: 'Windows 10', os.arch: 'amd64', os.version: '10.0', java.version: '11.0.17'
Driver info: org.openqa.selenium.chrome.ChromeDriver
Command: [ff939a3b94b093db00582bfce1374040, findElements {using=xpath, value=//button[text()='Sign Out']}]
Capabilities {acceptInsecureCerts: false, browserName: chrome, browserVersion: 109.0.5414.120, chrome: {chromedriverVersion: 108.0.5359.71 (1e0e3868ee06..., userDataDir: C:\Users\suzanna\AppData\Lo...}, goog:chromeOptions: {debuggerAddress: localhost:53758}, networkConnectionEnabled: false, pageLoadStrategy: normal, platformName: WINDOWS, proxy: Proxy(), se:cdp: ws://localhost:53758/devtoo..., se:cdpVersion: 109.0.5414.120, setWindowRect: true, strictFileInteractability: false, timeouts: {implicit: 0, pageLoad: 300000, script: 30000}, unhandledPromptBehavior: dismiss and notify, webauthn:extension:credBlob: true, webauthn:extension:largeBlob: true, webauthn:virtualAuthenticators: true}
Session ID: ff939a3b94b093db00582bfce1374040
18:46:39.737  INFO  manager.ListenerWD - ******************
18:46:39.737  INFO  manager.ListenerWD - Object target --->ChromeDriver: chrome on WINDOWS (ff939a3b94b093db00582bfce1374040)
18:46:39.738  INFO  manager.ListenerWD - ******************
18:46:39.739  INFO  manager.ListenerWD - Screen with error is --->src/test/screenshots/screen-131.png
18:46:39.744  INFO  manager.ListenerTNG - onTestStart ---loginWrongEmail
18:46:39.745  INFO  manager.ListenerTNG - onTestSkipped ---loginWrongEmail
18:46:39.746  INFO  tests.TestBase - The name of starts method is --->loginWrongPassword
18:46:39.746  INFO  manager.ListenerWD - Before find elements --> By.xpath: //button[text()='Sign Out']
18:46:39.751  INFO  manager.ListenerWD - The have a 'problem'
18:46:39.751  INFO  manager.ListenerWD - ******************
18:46:39.751  INFO  manager.ListenerWD - Method method ---> findElements
18:46:39.751  INFO  manager.ListenerWD - ******************
18:46:39.751  INFO  manager.ListenerWD - InvocationTargetException getTargetException()org.openqa.selenium.NoSuchWindowException: no such window: target window already closed
from unknown error: web view not found
  (Session info: chrome=109.0.5414.120)
Build info: version: '4.7.1', revision: 'c6795baf1a3'
System info: os.name: 'Windows 10', os.arch: 'amd64', os.version: '10.0', java.version: '11.0.17'
Driver info: org.openqa.selenium.chrome.ChromeDriver
Command: [ff939a3b94b093db00582bfce1374040, findElements {using=xpath, value=//button[text()='Sign Out']}]
Capabilities {acceptInsecureCerts: false, browserName: chrome, browserVersion: 109.0.5414.120, chrome: {chromedriverVersion: 108.0.5359.71 (1e0e3868ee06..., userDataDir: C:\Users\suzanna\AppData\Lo...}, goog:chromeOptions: {debuggerAddress: localhost:53758}, networkConnectionEnabled: false, pageLoadStrategy: normal, platformName: WINDOWS, proxy: Proxy(), se:cdp: ws://localhost:53758/devtoo..., se:cdpVersion: 109.0.5414.120, setWindowRect: true, strictFileInteractability: false, timeouts: {implicit: 0, pageLoad: 300000, script: 30000}, unhandledPromptBehavior: dismiss and notify, webauthn:extension:credBlob: true, webauthn:extension:largeBlob: true, webauthn:virtualAuthenticators: true}
Session ID: ff939a3b94b093db00582bfce1374040
18:46:39.752  INFO  manager.ListenerWD - ******************
18:46:39.752  INFO  manager.ListenerWD - Object target --->ChromeDriver: chrome on WINDOWS (ff939a3b94b093db00582bfce1374040)
18:46:39.752  INFO  manager.ListenerWD - ******************
18:46:39.752  INFO  manager.ListenerWD - Screen with error is --->src/test/screenshots/screen-495.png
18:46:39.758  INFO  manager.ListenerTNG - onTestStart ---loginWrongPassword
18:46:39.758  INFO  manager.ListenerTNG - onTestSkipped ---loginWrongPassword
18:46:39.760  INFO  tests.TestBase - The name of starts method is --->registrationSuccess
18:46:39.761  INFO  manager.ListenerWD - Before find elements --> By.xpath: //button[text()='Sign Out']
18:46:39.766  INFO  manager.ListenerWD - The have a 'problem'
18:46:39.766  INFO  manager.ListenerWD - ******************
18:46:39.766  INFO  manager.ListenerWD - Method method ---> findElements
18:46:39.767  INFO  manager.ListenerWD - ******************
18:46:39.767  INFO  manager.ListenerWD - InvocationTargetException getTargetException()org.openqa.selenium.NoSuchWindowException: no such window: target window already closed
from unknown error: web view not found
  (Session info: chrome=109.0.5414.120)
Build info: version: '4.7.1', revision: 'c6795baf1a3'
System info: os.name: 'Windows 10', os.arch: 'amd64', os.version: '10.0', java.version: '11.0.17'
Driver info: org.openqa.selenium.chrome.ChromeDriver
Command: [ff939a3b94b093db00582bfce1374040, findElements {using=xpath, value=//button[text()='Sign Out']}]
Capabilities {acceptInsecureCerts: false, browserName: chrome, browserVersion: 109.0.5414.120, chrome: {chromedriverVersion: 108.0.5359.71 (1e0e3868ee06..., userDataDir: C:\Users\suzanna\AppData\Lo...}, goog:chromeOptions: {debuggerAddress: localhost:53758}, networkConnectionEnabled: false, pageLoadStrategy: normal, platformName: WINDOWS, proxy: Proxy(), se:cdp: ws://localhost:53758/devtoo..., se:cdpVersion: 109.0.5414.120, setWindowRect: true, strictFileInteractability: false, timeouts: {implicit: 0, pageLoad: 300000, script: 30000}, unhandledPromptBehavior: dismiss and notify, webauthn:extension:credBlob: true, webauthn:extension:largeBlob: true, webauthn:virtualAuthenticators: true}
Session ID: ff939a3b94b093db00582bfce1374040
18:46:39.767  INFO  manager.ListenerWD - ******************
18:46:39.767  INFO  manager.ListenerWD - Object target --->ChromeDriver: chrome on WINDOWS (ff939a3b94b093db00582bfce1374040)
18:46:39.767  INFO  manager.ListenerWD - ******************
18:46:39.767  INFO  manager.ListenerWD - Screen with error is --->src/test/screenshots/screen-852.png
18:46:39.777  INFO  manager.ListenerTNG - onTestStart ---registrationSuccess
18:46:39.777  INFO  manager.ListenerTNG - onTestSkipped ---registrationSuccess
18:46:39.784  INFO  tests.TestBase - The name of starts method is --->registrationUserAlreadyExists
18:46:39.787  INFO  manager.ListenerWD - Before find elements --> By.xpath: //button[text()='Sign Out']
18:46:39.792  INFO  manager.ListenerWD - The have a 'problem'
18:46:39.792  INFO  manager.ListenerWD - ******************
18:46:39.793  INFO  manager.ListenerWD - Method method ---> findElements
18:46:39.793  INFO  manager.ListenerWD - ******************
18:46:39.793  INFO  manager.ListenerWD - InvocationTargetException getTargetException()org.openqa.selenium.NoSuchWindowException: no such window: target window already closed
from unknown error: web view not found
  (Session info: chrome=109.0.5414.120)
Build info: version: '4.7.1', revision: 'c6795baf1a3'
System info: os.name: 'Windows 10', os.arch: 'amd64', os.version: '10.0', java.version: '11.0.17'
Driver info: org.openqa.selenium.chrome.ChromeDriver
Command: [ff939a3b94b093db00582bfce1374040, findElements {using=xpath, value=//button[text()='Sign Out']}]
Capabilities {acceptInsecureCerts: false, browserName: chrome, browserVersion: 109.0.5414.120, chrome: {chromedriverVersion: 108.0.5359.71 (1e0e3868ee06..., userDataDir: C:\Users\suzanna\AppData\Lo...}, goog:chromeOptions: {debuggerAddress: localhost:53758}, networkConnectionEnabled: false, pageLoadStrategy: normal, platformName: WINDOWS, proxy: Proxy(), se:cdp: ws://localhost:53758/devtoo..., se:cdpVersion: 109.0.5414.120, setWindowRect: true, strictFileInteractability: false, timeouts: {implicit: 0, pageLoad: 300000, script: 30000}, unhandledPromptBehavior: dismiss and notify, webauthn:extension:credBlob: true, webauthn:extension:largeBlob: true, webauthn:virtualAuthenticators: true}
Session ID: ff939a3b94b093db00582bfce1374040
18:46:39.793  INFO  manager.ListenerWD - ******************
18:46:39.793  INFO  manager.ListenerWD - Object target --->ChromeDriver: chrome on WINDOWS (ff939a3b94b093db00582bfce1374040)
18:46:39.793  INFO  manager.ListenerWD - ******************
18:46:39.793  INFO  manager.ListenerWD - Screen with error is --->src/test/screenshots/screen-378.png
18:46:39.799  INFO  manager.ListenerTNG - onTestStart ---registrationUserAlreadyExists
18:46:39.800  INFO  manager.ListenerTNG - onTestSkipped ---registrationUserAlreadyExists
18:46:39.802  INFO  tests.TestBase - The name of starts method is --->registrationWrongEmail
18:46:39.804  INFO  manager.ListenerWD - Before find elements --> By.xpath: //button[text()='Sign Out']
18:46:39.809  INFO  manager.ListenerWD - The have a 'problem'
18:46:39.809  INFO  manager.ListenerWD - ******************
18:46:39.809  INFO  manager.ListenerWD - Method method ---> findElements
18:46:39.809  INFO  manager.ListenerWD - ******************
18:46:39.810  INFO  manager.ListenerWD - InvocationTargetException getTargetException()org.openqa.selenium.NoSuchWindowException: no such window: target window already closed
from unknown error: web view not found
  (Session info: chrome=109.0.5414.120)
Build info: version: '4.7.1', revision: 'c6795baf1a3'
System info: os.name: 'Windows 10', os.arch: 'amd64', os.version: '10.0', java.version: '11.0.17'
Driver info: org.openqa.selenium.chrome.ChromeDriver
Command: [ff939a3b94b093db00582bfce1374040, findElements {using=xpath, value=//button[text()='Sign Out']}]
Capabilities {acceptInsecureCerts: false, browserName: chrome, browserVersion: 109.0.5414.120, chrome: {chromedriverVersion: 108.0.5359.71 (1e0e3868ee06..., userDataDir: C:\Users\suzanna\AppData\Lo...}, goog:chromeOptions: {debuggerAddress: localhost:53758}, networkConnectionEnabled: false, pageLoadStrategy: normal, platformName: WINDOWS, proxy: Proxy(), se:cdp: ws://localhost:53758/devtoo..., se:cdpVersion: 109.0.5414.120, setWindowRect: true, strictFileInteractability: false, timeouts: {implicit: 0, pageLoad: 300000, script: 30000}, unhandledPromptBehavior: dismiss and notify, webauthn:extension:credBlob: true, webauthn:extension:largeBlob: true, webauthn:virtualAuthenticators: true}
Session ID: ff939a3b94b093db00582bfce1374040
18:46:39.810  INFO  manager.ListenerWD - ******************
18:46:39.810  INFO  manager.ListenerWD - Object target --->ChromeDriver: chrome on WINDOWS (ff939a3b94b093db00582bfce1374040)
18:46:39.810  INFO  manager.ListenerWD - ******************
18:46:39.810  INFO  manager.ListenerWD - Screen with error is --->src/test/screenshots/screen-80.png
18:46:39.816  INFO  manager.ListenerTNG - onTestStart ---registrationWrongEmail
18:46:39.817  INFO  manager.ListenerTNG - onTestSkipped ---registrationWrongEmail
18:46:39.822  INFO  tests.TestBase - The name of starts method is --->registrationWrongPassword
18:46:39.829  INFO  manager.ListenerWD - Before find elements --> By.xpath: //button[text()='Sign Out']
18:46:39.838  INFO  manager.ListenerWD - The have a 'problem'
18:46:39.838  INFO  manager.ListenerWD - ******************
18:46:39.839  INFO  manager.ListenerWD - Method method ---> findElements
18:46:39.839  INFO  manager.ListenerWD - ******************
18:46:39.839  INFO  manager.ListenerWD - InvocationTargetException getTargetException()org.openqa.selenium.NoSuchWindowException: no such window: target window already closed
from unknown error: web view not found
  (Session info: chrome=109.0.5414.120)
Build info: version: '4.7.1', revision: 'c6795baf1a3'
System info: os.name: 'Windows 10', os.arch: 'amd64', os.version: '10.0', java.version: '11.0.17'
Driver info: org.openqa.selenium.chrome.ChromeDriver
Command: [ff939a3b94b093db00582bfce1374040, findElements {using=xpath, value=//button[text()='Sign Out']}]
Capabilities {acceptInsecureCerts: false, browserName: chrome, browserVersion: 109.0.5414.120, chrome: {chromedriverVersion: 108.0.5359.71 (1e0e3868ee06..., userDataDir: C:\Users\suzanna\AppData\Lo...}, goog:chromeOptions: {debuggerAddress: localhost:53758}, networkConnectionEnabled: false, pageLoadStrategy: normal, platformName: WINDOWS, proxy: Proxy(), se:cdp: ws://localhost:53758/devtoo..., se:cdpVersion: 109.0.5414.120, setWindowRect: true, strictFileInteractability: false, timeouts: {implicit: 0, pageLoad: 300000, script: 30000}, unhandledPromptBehavior: dismiss and notify, webauthn:extension:credBlob: true, webauthn:extension:largeBlob: true, webauthn:virtualAuthenticators: true}
Session ID: ff939a3b94b093db00582bfce1374040
18:46:39.839  INFO  manager.ListenerWD - ******************
18:46:39.839  INFO  manager.ListenerWD - Object target --->ChromeDriver: chrome on WINDOWS (ff939a3b94b093db00582bfce1374040)
18:46:39.839  INFO  manager.ListenerWD - ******************
18:46:39.839  INFO  manager.ListenerWD - Screen with error is --->src/test/screenshots/screen-27.png
18:46:39.848  INFO  manager.ListenerTNG - onTestStart ---registrationWrongPassword
18:46:39.930  INFO  manager.ListenerTNG - onTestSkipped ---registrationWrongPassword
18:46:40.022  INFO  manager.ListenerTNG - onFinish ---Gradle test
